<?xml version="1.0" encoding="UTF-8"?>
<!-- Generated by org.testng.reporters.JUnitReportReporter -->
<testsuite skipped="0" hostname="DESKTOP-L2L26LH" name="tests.BaseClass" tests="1" failures="0" timestamp="18 Dec 2020 09:57:19 GMT" time="0.016" errors="0">
  <testcase name="sampletest" time="0.016" classname="tests.BaseClass"/>
</testsuite> <!-- tests.BaseClass -->
