<?xml version="1.0" encoding="UTF-8"?>
<!-- Generated by org.testng.reporters.JUnitReportReporter -->
<testsuite skipped="0" hostname="DESKTOP-L2L26LH" name="tests.google" tests="1" failures="0" timestamp="03 Mar 2021 10:10:18 GMT" time="11.909" errors="0">
  <testcase name="launchgoogle" time="11.909" classname="tests.google"/>
</testsuite> <!-- tests.google -->
