<?xml version="1.0" encoding="UTF-8"?>
<!-- Generated by org.testng.reporters.JUnitReportReporter -->
<testsuite hostname="DESKTOP-L2L26LH" failures="0" tests="2" name="tests.google1" time="16.366" errors="0" timestamp="07 Oct 2020 09:07:01 GMT" skipped="0">
  <testcase classname="tests.google1" name="launchgoogle2" time="10.305"/>
  <testcase classname="tests.google1" name="launchgoogle1" time="6.061"/>
</testsuite> <!-- tests.google1 -->
